start
done with importing
done with pca
done with defining functions
done with creating dataframe for 2 clusters
done with creating dataframe for3clusters
done with creating dataframe for4clusters
done with creating dataframe for5clusters
done with creating dataframe for6clusters
done with creating dataframe for7clusters
done with creating dataframe for8clusters
done with creating dataframe for9clusters
done with creating dataframe for10clusters
done with creating dataframe for11clusters
done with creating dataframe for12clusters
done with creating dataframe for13clusters
done with creating dataframe for14clusters
done with creating dataframe for15clusters
done with creating dataframe for16clusters
done with creating dataframe for32clusters
done with creating dataframe for64clusters
done with creating dataframe for128clusters
